c:\users\mmspa\documents\github\charmeleon\rtdevicedriver\x64\release\rtdevicedriver.pch
c:\users\mmspa\documents\github\charmeleon\rtdevicedriver\x64\release\vc143.pdb
c:\users\mmspa\documents\github\charmeleon\rtdevicedriver\x64\release\stdafx.obj
c:\users\mmspa\documents\github\charmeleon\rtdevicedriver\x64\release\.netframework,version=v4.8.assemblyattributes.obj
c:\users\mmspa\documents\github\charmeleon\rtdevicedriver\x64\release\rtdevicedriver.obj
c:\users\mmspa\documents\github\charmeleon\rtdevicedriver\x64\release\rtdevice.obj
c:\users\mmspa\documents\github\charmeleon\rtdevicedriver\x64\release\feature.obj
c:\users\mmspa\documents\github\charmeleon\rtdevicedriver\x64\release\assemblyinfo.obj
c:\users\mmspa\documents\github\charmeleon\x64\release\rtdevicedriver.dll
c:\users\mmspa\documents\github\charmeleon\x64\release\rtdevicedriver.pdb
c:\users\mmspa\documents\github\charmeleon\rtdevicedriver\x64\release\app.res
c:\users\mmspa\documents\github\charmeleon\rtdevicedriver\x64\release\rtdevicedriver.tlog\cl.command.1.tlog
c:\users\mmspa\documents\github\charmeleon\rtdevicedriver\x64\release\rtdevicedriver.tlog\cl.items.tlog
c:\users\mmspa\documents\github\charmeleon\rtdevicedriver\x64\release\rtdevicedriver.tlog\cl.read.1.tlog
c:\users\mmspa\documents\github\charmeleon\rtdevicedriver\x64\release\rtdevicedriver.tlog\cl.write.1.tlog
c:\users\mmspa\documents\github\charmeleon\rtdevicedriver\x64\release\rtdevicedriver.tlog\link.command.1.tlog
c:\users\mmspa\documents\github\charmeleon\rtdevicedriver\x64\release\rtdevicedriver.tlog\link.read.1.tlog
c:\users\mmspa\documents\github\charmeleon\rtdevicedriver\x64\release\rtdevicedriver.tlog\link.secondary.1.tlog
c:\users\mmspa\documents\github\charmeleon\rtdevicedriver\x64\release\rtdevicedriver.tlog\link.write.1.tlog
c:\users\mmspa\documents\github\charmeleon\rtdevicedriver\x64\release\rtdevicedriver.tlog\metagen.read.1.tlog
c:\users\mmspa\documents\github\charmeleon\rtdevicedriver\x64\release\rtdevicedriver.tlog\metagen.write.1.tlog
c:\users\mmspa\documents\github\charmeleon\rtdevicedriver\x64\release\rtdevicedriver.tlog\rc.command.1.tlog
c:\users\mmspa\documents\github\charmeleon\rtdevicedriver\x64\release\rtdevicedriver.tlog\rc.read.1.tlog
c:\users\mmspa\documents\github\charmeleon\rtdevicedriver\x64\release\rtdevicedriver.tlog\rc.write.1.tlog
