c:\users\mmspa\documents\github\charmeleon\rtdevicedriver\x64\debug\rtdevicedriver.pch
c:\users\mmspa\documents\github\charmeleon\rtdevicedriver\x64\debug\vc143.pdb
c:\users\mmspa\documents\github\charmeleon\rtdevicedriver\x64\debug\stdafx.obj
c:\users\mmspa\documents\github\charmeleon\rtdevicedriver\x64\debug\.netframework,version=v4.8.assemblyattributes.obj
c:\users\mmspa\documents\github\charmeleon\rtdevicedriver\x64\debug\rtdevicedriver.obj
c:\users\mmspa\documents\github\charmeleon\rtdevicedriver\x64\debug\rtdevice.obj
c:\users\mmspa\documents\github\charmeleon\rtdevicedriver\x64\debug\feature.obj
c:\users\mmspa\documents\github\charmeleon\rtdevicedriver\x64\debug\assemblyinfo.obj
c:\users\mmspa\documents\github\charmeleon\x64\debug\rtdevicedriver.dll
c:\users\mmspa\documents\github\charmeleon\x64\debug\rtdevicedriver.pdb
c:\users\mmspa\documents\github\charmeleon\rtdevicedriver\x64\debug\app.res
c:\users\mmspa\documents\github\charmeleon\rtdevicedriver\x64\debug\rtdevicedriver.tlog\cl.command.1.tlog
c:\users\mmspa\documents\github\charmeleon\rtdevicedriver\x64\debug\rtdevicedriver.tlog\cl.items.tlog
c:\users\mmspa\documents\github\charmeleon\rtdevicedriver\x64\debug\rtdevicedriver.tlog\cl.read.1.tlog
c:\users\mmspa\documents\github\charmeleon\rtdevicedriver\x64\debug\rtdevicedriver.tlog\cl.write.1.tlog
c:\users\mmspa\documents\github\charmeleon\rtdevicedriver\x64\debug\rtdevicedriver.tlog\link.command.1.tlog
c:\users\mmspa\documents\github\charmeleon\rtdevicedriver\x64\debug\rtdevicedriver.tlog\link.read.1.tlog
c:\users\mmspa\documents\github\charmeleon\rtdevicedriver\x64\debug\rtdevicedriver.tlog\link.secondary.1.tlog
c:\users\mmspa\documents\github\charmeleon\rtdevicedriver\x64\debug\rtdevicedriver.tlog\link.write.1.tlog
c:\users\mmspa\documents\github\charmeleon\rtdevicedriver\x64\debug\rtdevicedriver.tlog\metagen.read.1.tlog
c:\users\mmspa\documents\github\charmeleon\rtdevicedriver\x64\debug\rtdevicedriver.tlog\metagen.write.1.tlog
c:\users\mmspa\documents\github\charmeleon\rtdevicedriver\x64\debug\rtdevicedriver.tlog\rc.command.1.tlog
c:\users\mmspa\documents\github\charmeleon\rtdevicedriver\x64\debug\rtdevicedriver.tlog\rc.read.1.tlog
c:\users\mmspa\documents\github\charmeleon\rtdevicedriver\x64\debug\rtdevicedriver.tlog\rc.write.1.tlog
