  Stdafx.cpp
  AssemblyInfo.cpp
  Feature.cpp
C:\Users\P154492\Documents\GitHub\Charmeleon\RtDeviceDriver\SADIO.H(335,9): warning C4005: 'REG_NONE': macro redefinition
  (compiling source file 'Feature.cpp')
      C:\Program Files (x86)\Windows Kits\10\Include\10.0.22621.0\um\winnt.h(23388,9):
      see previous definition of 'REG_NONE'
  
C:\Users\P154492\Documents\GitHub\Charmeleon\RtDeviceDriver\SADIO.H(336,9): warning C4005: 'REG_SZ': macro redefinition
  (compiling source file 'Feature.cpp')
      C:\Program Files (x86)\Windows Kits\10\Include\10.0.22621.0\um\winnt.h(23389,9):
      see previous definition of 'REG_SZ'
  
C:\Users\P154492\Documents\GitHub\Charmeleon\RtDeviceDriver\SADIO.H(337,9): warning C4005: 'REG_EXPAND_SZ': macro redefinition
  (compiling source file 'Feature.cpp')
      C:\Program Files (x86)\Windows Kits\10\Include\10.0.22621.0\um\winnt.h(23390,9):
      see previous definition of 'REG_EXPAND_SZ'
  
C:\Users\P154492\Documents\GitHub\Charmeleon\RtDeviceDriver\SADIO.H(339,9): warning C4005: 'REG_BINARY': macro redefinition
  (compiling source file 'Feature.cpp')
      C:\Program Files (x86)\Windows Kits\10\Include\10.0.22621.0\um\winnt.h(23392,9):
      see previous definition of 'REG_BINARY'
  
C:\Users\P154492\Documents\GitHub\Charmeleon\RtDeviceDriver\SADIO.H(340,9): warning C4005: 'REG_DWORD': macro redefinition
  (compiling source file 'Feature.cpp')
      C:\Program Files (x86)\Windows Kits\10\Include\10.0.22621.0\um\winnt.h(23393,9):
      see previous definition of 'REG_DWORD'
  
C:\Users\P154492\Documents\GitHub\Charmeleon\RtDeviceDriver\SADIO.H(341,9): warning C4005: 'REG_DWORD_LITTLE_ENDIAN': macro redefinition
  (compiling source file 'Feature.cpp')
      C:\Program Files (x86)\Windows Kits\10\Include\10.0.22621.0\um\winnt.h(23394,9):
      see previous definition of 'REG_DWORD_LITTLE_ENDIAN'
  
C:\Users\P154492\Documents\GitHub\Charmeleon\RtDeviceDriver\SADIO.H(342,9): warning C4005: 'REG_DWORD_BIG_ENDIAN': macro redefinition
  (compiling source file 'Feature.cpp')
      C:\Program Files (x86)\Windows Kits\10\Include\10.0.22621.0\um\winnt.h(23395,9):
      see previous definition of 'REG_DWORD_BIG_ENDIAN'
  
C:\Users\P154492\Documents\GitHub\Charmeleon\RtDeviceDriver\SADIO.H(343,9): warning C4005: 'REG_LINK': macro redefinition
  (compiling source file 'Feature.cpp')
      C:\Program Files (x86)\Windows Kits\10\Include\10.0.22621.0\um\winnt.h(23396,9):
      see previous definition of 'REG_LINK'
  
C:\Users\P154492\Documents\GitHub\Charmeleon\RtDeviceDriver\SADIO.H(344,9): warning C4005: 'REG_MULTI_SZ': macro redefinition
  (compiling source file 'Feature.cpp')
      C:\Program Files (x86)\Windows Kits\10\Include\10.0.22621.0\um\winnt.h(23397,9):
      see previous definition of 'REG_MULTI_SZ'
  
C:\Users\P154492\Documents\GitHub\Charmeleon\RtDeviceDriver\SADIO.H(345,9): warning C4005: 'REG_RESOURCE_LIST': macro redefinition
  (compiling source file 'Feature.cpp')
      C:\Program Files (x86)\Windows Kits\10\Include\10.0.22621.0\um\winnt.h(23398,9):
      see previous definition of 'REG_RESOURCE_LIST'
  
C:\Users\P154492\Documents\GitHub\Charmeleon\RtDeviceDriver\SADIO.H(346,9): warning C4005: 'REG_FULL_RESOURCE_DESCRIPTOR': macro redefinition
  (compiling source file 'Feature.cpp')
      C:\Program Files (x86)\Windows Kits\10\Include\10.0.22621.0\um\winnt.h(23399,9):
      see previous definition of 'REG_FULL_RESOURCE_DESCRIPTOR'
  
C:\Users\P154492\Documents\GitHub\Charmeleon\RtDeviceDriver\SADIO.H(347,9): warning C4005: 'REG_RESOURCE_REQUIREMENTS_LIST': macro redefinition
  (compiling source file 'Feature.cpp')
      C:\Program Files (x86)\Windows Kits\10\Include\10.0.22621.0\um\winnt.h(23400,9):
      see previous definition of 'REG_RESOURCE_REQUIREMENTS_LIST'
  
C:\Users\P154492\Documents\GitHub\Charmeleon\RtDeviceDriver\SADIO.H(348,9): warning C4005: 'REG_QWORD': macro redefinition
  (compiling source file 'Feature.cpp')
      C:\Program Files (x86)\Windows Kits\10\Include\10.0.22621.0\um\winnt.h(23401,9):
      see previous definition of 'REG_QWORD'
  
C:\Users\P154492\Documents\GitHub\Charmeleon\RtDeviceDriver\SADIO.H(349,9): warning C4005: 'REG_QWORD_LITTLE_ENDIAN': macro redefinition
  (compiling source file 'Feature.cpp')
      C:\Program Files (x86)\Windows Kits\10\Include\10.0.22621.0\um\winnt.h(23402,9):
      see previous definition of 'REG_QWORD_LITTLE_ENDIAN'
  
C:\Users\P154492\Documents\GitHub\Charmeleon\RtDeviceDriver\Feature.cpp(552,11): warning C4477: 'printf' : format string '%s' requires an argument of type 'char *', but variadic argument 2 has type 'LPTSTR'
      C:\Users\P154492\Documents\GitHub\Charmeleon\RtDeviceDriver\Feature.cpp(552,11):
      consider using '%ls' in the format string
      C:\Users\P154492\Documents\GitHub\Charmeleon\RtDeviceDriver\Feature.cpp(552,11):
      consider using '%lls' in the format string
      C:\Users\P154492\Documents\GitHub\Charmeleon\RtDeviceDriver\Feature.cpp(552,11):
      consider using '%Ls' in the format string
      C:\Users\P154492\Documents\GitHub\Charmeleon\RtDeviceDriver\Feature.cpp(552,11):
      consider using '%ws' in the format string
  
  RTDevice.cpp
C:\Users\P154492\Documents\GitHub\Charmeleon\RtDeviceDriver\SADIO.H(335,9): warning C4005: 'REG_NONE': macro redefinition
  (compiling source file 'RTDevice.cpp')
      C:\Program Files (x86)\Windows Kits\10\Include\10.0.22621.0\um\winnt.h(23388,9):
      see previous definition of 'REG_NONE'
  
C:\Users\P154492\Documents\GitHub\Charmeleon\RtDeviceDriver\SADIO.H(336,9): warning C4005: 'REG_SZ': macro redefinition
  (compiling source file 'RTDevice.cpp')
      C:\Program Files (x86)\Windows Kits\10\Include\10.0.22621.0\um\winnt.h(23389,9):
      see previous definition of 'REG_SZ'
  
C:\Users\P154492\Documents\GitHub\Charmeleon\RtDeviceDriver\SADIO.H(337,9): warning C4005: 'REG_EXPAND_SZ': macro redefinition
  (compiling source file 'RTDevice.cpp')
      C:\Program Files (x86)\Windows Kits\10\Include\10.0.22621.0\um\winnt.h(23390,9):
      see previous definition of 'REG_EXPAND_SZ'
  
C:\Users\P154492\Documents\GitHub\Charmeleon\RtDeviceDriver\SADIO.H(339,9): warning C4005: 'REG_BINARY': macro redefinition
  (compiling source file 'RTDevice.cpp')
      C:\Program Files (x86)\Windows Kits\10\Include\10.0.22621.0\um\winnt.h(23392,9):
      see previous definition of 'REG_BINARY'
  
C:\Users\P154492\Documents\GitHub\Charmeleon\RtDeviceDriver\SADIO.H(340,9): warning C4005: 'REG_DWORD': macro redefinition
  (compiling source file 'RTDevice.cpp')
      C:\Program Files (x86)\Windows Kits\10\Include\10.0.22621.0\um\winnt.h(23393,9):
      see previous definition of 'REG_DWORD'
  
C:\Users\P154492\Documents\GitHub\Charmeleon\RtDeviceDriver\SADIO.H(341,9): warning C4005: 'REG_DWORD_LITTLE_ENDIAN': macro redefinition
  (compiling source file 'RTDevice.cpp')
      C:\Program Files (x86)\Windows Kits\10\Include\10.0.22621.0\um\winnt.h(23394,9):
      see previous definition of 'REG_DWORD_LITTLE_ENDIAN'
  
C:\Users\P154492\Documents\GitHub\Charmeleon\RtDeviceDriver\SADIO.H(342,9): warning C4005: 'REG_DWORD_BIG_ENDIAN': macro redefinition
  (compiling source file 'RTDevice.cpp')
      C:\Program Files (x86)\Windows Kits\10\Include\10.0.22621.0\um\winnt.h(23395,9):
      see previous definition of 'REG_DWORD_BIG_ENDIAN'
  
C:\Users\P154492\Documents\GitHub\Charmeleon\RtDeviceDriver\SADIO.H(343,9): warning C4005: 'REG_LINK': macro redefinition
  (compiling source file 'RTDevice.cpp')
      C:\Program Files (x86)\Windows Kits\10\Include\10.0.22621.0\um\winnt.h(23396,9):
      see previous definition of 'REG_LINK'
  
C:\Users\P154492\Documents\GitHub\Charmeleon\RtDeviceDriver\SADIO.H(344,9): warning C4005: 'REG_MULTI_SZ': macro redefinition
  (compiling source file 'RTDevice.cpp')
      C:\Program Files (x86)\Windows Kits\10\Include\10.0.22621.0\um\winnt.h(23397,9):
      see previous definition of 'REG_MULTI_SZ'
  
C:\Users\P154492\Documents\GitHub\Charmeleon\RtDeviceDriver\SADIO.H(345,9): warning C4005: 'REG_RESOURCE_LIST': macro redefinition
  (compiling source file 'RTDevice.cpp')
      C:\Program Files (x86)\Windows Kits\10\Include\10.0.22621.0\um\winnt.h(23398,9):
      see previous definition of 'REG_RESOURCE_LIST'
  
C:\Users\P154492\Documents\GitHub\Charmeleon\RtDeviceDriver\SADIO.H(346,9): warning C4005: 'REG_FULL_RESOURCE_DESCRIPTOR': macro redefinition
  (compiling source file 'RTDevice.cpp')
      C:\Program Files (x86)\Windows Kits\10\Include\10.0.22621.0\um\winnt.h(23399,9):
      see previous definition of 'REG_FULL_RESOURCE_DESCRIPTOR'
  
C:\Users\P154492\Documents\GitHub\Charmeleon\RtDeviceDriver\SADIO.H(347,9): warning C4005: 'REG_RESOURCE_REQUIREMENTS_LIST': macro redefinition
  (compiling source file 'RTDevice.cpp')
      C:\Program Files (x86)\Windows Kits\10\Include\10.0.22621.0\um\winnt.h(23400,9):
      see previous definition of 'REG_RESOURCE_REQUIREMENTS_LIST'
  
C:\Users\P154492\Documents\GitHub\Charmeleon\RtDeviceDriver\SADIO.H(348,9): warning C4005: 'REG_QWORD': macro redefinition
  (compiling source file 'RTDevice.cpp')
      C:\Program Files (x86)\Windows Kits\10\Include\10.0.22621.0\um\winnt.h(23401,9):
      see previous definition of 'REG_QWORD'
  
C:\Users\P154492\Documents\GitHub\Charmeleon\RtDeviceDriver\SADIO.H(349,9): warning C4005: 'REG_QWORD_LITTLE_ENDIAN': macro redefinition
  (compiling source file 'RTDevice.cpp')
      C:\Program Files (x86)\Windows Kits\10\Include\10.0.22621.0\um\winnt.h(23402,9):
      see previous definition of 'REG_QWORD_LITTLE_ENDIAN'
  
  RtDeviceDriver.cpp
  .NETFramework,Version=v4.8.AssemblyAttributes.cpp
  Generating Code...
  AssemblyInfo.obj : MSIL module encountered; incremental linking is disabled for MSIL; performing full link
  RtDeviceDriver.vcxproj -> C:\Users\P154492\Documents\GitHub\Charmeleon\x64\Debug\RtDeviceDriver.dll
